<?xml version="1.0" encoding="UTF-8"?>
<testsuite xmlns:xsi="http://www.w3.org/2001/XMLSchema-instance" xsi:noNamespaceSchemaLocation="https://maven.apache.org/surefire/maven-failsafe-plugin/xsd/failsafe-test-report-3.0.xsd" version="3.0" name="runner.Runner" time="104.595" tests="7" errors="3" skipped="0" failures="0">
  <properties>
[...]
</properties>
  <testcase name="Verify user is able to create new SD Admin role user" classname="Creation of user in SMT application" time="37.12">
    <error type="net.thucydides.core.webdriver.exceptions.ElementShouldBeDisabledException"><![CDATA[net.thucydides.core.webdriver.exceptions.ElementShouldBeDisabledException: Expected disabled element was not disabled
Caused by: org.openqa.selenium.TimeoutException: Expected condition failed: waiting for By.xpath: //span[text()='Export'] to not be enabled (tried for 5 second(s) with 100 milliseconds interval)
Caused by: org.openqa.selenium.NoSuchElementException: 
no such element: Unable to locate element: {"method":"xpath","selector":"//span[text()='Export']"}
  (Session info: chrome=107.0.5304.122)
For documentation on this error, please visit: https://selenium.dev/exceptions/#no_such_element
Build info: version: '4.6.0', revision: '79f1c02ae20'
System info: os.name: 'Windows 10', os.arch: 'amd64', os.version: '10.0', java.version: '1.8.0_341'
Driver info: org.openqa.selenium.chrome.ChromeDriver
Command: [759af9e4e8a96dff6d53f6c301c90f6f, findElement {using=xpath, value=//span[text()='Export']}]
Capabilities {acceptInsecureCerts: false, browserName: chrome, browserVersion: 107.0.5304.122, chrome: {chromedriverVersion: 107.0.5304.62 (1eec40d3a576..., userDataDir: C:\Users\SANDEE~1.PHA\AppDa...}, goog:chromeOptions: {debuggerAddress: localhost:60120}, networkConnectionEnabled: false, pageLoadStrategy: normal, platformName: WINDOWS, proxy: Proxy(), se:cdp: ws://localhost:60120/devtoo..., se:cdpVersion: 107.0.5304.122, setWindowRect: true, strictFileInteractability: false, timeouts: {implicit: 0, pageLoad: 300000, script: 30000}, unhandledPromptBehavior: dismiss and notify, webauthn:extension:credBlob: true, webauthn:extension:largeBlob: true, webauthn:virtualAuthenticators: true}
Session ID: 759af9e4e8a96dff6d53f6c301c90f6f
]]></error>
    <system-out><![CDATA[16:50:13.758 [main] INFO  i.c.core.plugin.SerenityReporter - Running feature from file:///C:/Users/Sandeepkumar.Phalke/eclipse-workspace/UNICEF_SerenityBDD_Automation_Framework/src/test/resources/features/unicefWebApplication/createUser.feature
16:50:13.968 [main] INFO   - 

-------------------------------------------------------------------------------------
     _______. _______ .______       _______ .__   __.  __  .___________.____    ____ 
    /       ||   ____||   _  \     |   ____||  \ |  | |  | |           |\   \  /   / 
   |   (----`|  |__   |  |_)  |    |  |__   |   \|  | |  | `---|  |----` \   \/   /  
    \   \    |   __|  |      /     |   __|  |  . `  | |  |     |  |       \_    _/   
.----)   |   |  |____ |  |\  \----.|  |____ |  |\   | |  |     |  |         |  |     
|_______/    |_______|| _| `._____||_______||__| \__| |__|     |__|         |__|    
                                                                                     
 News and tutorials at http://www.serenity-bdd.info                                  
 Documentation at https://wakaleo.gitbooks.io/the-serenity-book/content/             
 Join the Serenity Community on Gitter: https://gitter.im/serenity-bdd/serenity-core 
 Serenity BDD Support and Training at http://serenity-bdd.info/#/trainingandsupport  
-------------------------------------------------------------------------------------

16:50:13.971 [main] INFO   - Test Suite Started: Creation of user in SMT application
16:50:13.988 [main] INFO  i.c.core.plugin.SerenityReporter - Running feature from file:///C:/Users/Sandeepkumar.Phalke/eclipse-workspace/UNICEF_SerenityBDD_Automation_Framework/src/test/resources/features/unicefWebApplication/languageChange.feature
16:50:13.993 [main] INFO   - Test Suite Started: Language change in SMT application
16:50:13.993 [main] INFO  i.c.core.plugin.SerenityReporter - Running feature from file:///C:/Users/Sandeepkumar.Phalke/eclipse-workspace/UNICEF_SerenityBDD_Automation_Framework/src/test/resources/features/unicefWebApplication/login.feature
16:50:13.997 [main] INFO   - Test Suite Started: Login to SMT application
16:50:13.997 [main] INFO  i.c.core.plugin.SerenityReporter - Running feature from file:///C:/Users/Sandeepkumar.Phalke/eclipse-workspace/UNICEF_SerenityBDD_Automation_Framework/src/test/resources/features/unicefWebApplication/createUser.feature
16:50:14.000 [main] INFO   - Test Suite Started: Creation of user in SMT application

Scenario: Verify user is able to create new SD Admin role user &amp#27;[90m# src/test/resources/features/unicefWebApplication/createUser.feature:14&amp#27;[0m
16:50:14.134 [main] INFO  i.c.core.plugin.SerenityReporter - Running feature from file:///C:/Users/Sandeepkumar.Phalke/eclipse-workspace/UNICEF_SerenityBDD_Automation_Framework/src/test/resources/features/unicefWebApplication/createUser.feature
16:50:14.304 [main] INFO   - 
  _____   ___   ___   _____     ___   _____     _     ___   _____   ___   ___  
 |_   _| | __| / __| |_   _|   / __| |_   _|   /_\   | _ \ |_   _| | __| |   \ 
   | |   | _|  \__ \   | |     \__ \   | |    / _ \  |   /   | |   | _|  | |) |
   |_|   |___| |___/   |_|     |___/   |_|   /_/ \_\ |_|_\   |_|   |___| |___/ 

Verify user is able to create new SD Admin role user(creation-of-user-in-smt-application;verify-user-is-able-to-create-new-sd-admin-role-user)
--------------------------------------------------------------------------------
16:50:15.822 [main] INFO  n.s.c.w.d.ChromeDriverProvider - Starting Chrome driver instance with capabilities:
16:50:15.824 [main] INFO  n.s.c.w.d.ChromeDriverProvider - Capabilities {acceptInsecureCerts: false, browserName: chrome, goog:chromeOptions: {args: [test-type, no-sandbox, ignore-certificate-errors, --window-size=1000,800, incognito, disable-infobars, disable-gpu, disable-default-apps, disable-popup-blocking], extensions: []}}
  &amp#27;[32mGiven &amp#27;[0m&amp#27;[32mUser is on home page&amp#27;[0m                                   &amp#27;[90m# stepdefinitions.CommonDefinitions.user_is_on_home_page()&amp#27;[0m
  &amp#27;[32mWhen &amp#27;[0m&amp#27;[32mUser is getting correct title of home page&amp#27;[0m              &amp#27;[90m# stepdefinitions.SignInDefinitions.user_is_getting_correct_title_of_home_page()&amp#27;[0m
  &amp#27;[32mThen &amp#27;[0m&amp#27;[32mUser click on login button&amp#27;[0m                              &amp#27;[90m# stepdefinitions.HomeDefinitions.user_click_on_login_button()&amp#27;[0m
  &amp#27;[32mWhen &amp#27;[0m&amp#27;[32mUser click on Proceed To Login button in &amp#27;[0m&amp#27;[32m&amp#27;[1m"English"&amp#27;[0m      &amp#27;[90m# stepdefinitions.HomeDefinitions.user_click_on_proceed_to_login_button_in(java.lang.String)&amp#27;[0m
  &amp#27;[32mThen &amp#27;[0m&amp#27;[32mUser enter email&amp#27;[0m                                        &amp#27;[90m# stepdefinitions.SignInDefinitions.user_enter_email()&amp#27;[0m
  &amp#27;[32mAnd &amp#27;[0m&amp#27;[32mUser enter password&amp#27;[0m                                      &amp#27;[90m# stepdefinitions.SignInDefinitions.user_enter_password()&amp#27;[0m
  &amp#27;[32mWhen &amp#27;[0m&amp#27;[32mUser click on sign in button&amp#27;[0m                            &amp#27;[90m# stepdefinitions.SignInDefinitions.user_click_on_sign_in_button()&amp#27;[0m
  &amp#27;[31mThen &amp#27;[0m&amp#27;[31mUser is signed in&amp#27;[0m                                       &amp#27;[90m# stepdefinitions.UserHomeDefinitions.user_is_signed_in()&amp#27;[0m
      &amp#27;[31mnet.thucydides.core.webdriver.exceptions.ElementShouldBeDisabledException: Expected disabled element was not disabled
	at net.serenitybdd.core.pages.WebElementFacadeImpl.waitUntilDisabled(WebElementFacadeImpl.java:1146)
	at pages.UserHomePage.validateHomePage(UserHomePage.java:13)
	at pages.UserHomePage$ByteBuddy$HKyudo98.validateHomePage$accessor$VQ3jRwOf(Unknown Source)
	at sun.reflect.NativeMethodAccessorImpl.invoke0(Native Method)
	at sun.reflect.NativeMethodAccessorImpl.invoke(NativeMethodAccessorImpl.java:62)
	at sun.reflect.DelegatingMethodAccessorImpl.invoke(DelegatingMethodAccessorImpl.java:43)
	at java.lang.reflect.Method.invoke(Method.java:498)
	at net.thucydides.core.steps.StepInterceptor.invokeMethod(StepInterceptor.java:503)
	at net.thucydides.core.steps.StepInterceptor.executeTestStepMethod(StepInterceptor.java:483)
	at net.thucydides.core.steps.StepInterceptor.runTestStep(StepInterceptor.java:457)
	at net.thucydides.core.steps.StepInterceptor.runOrSkipMethod(StepInterceptor.java:209)
	at net.thucydides.core.steps.StepInterceptor.testStepResult(StepInterceptor.java:196)
	at net.thucydides.core.steps.StepInterceptor.intercept(StepInterceptor.java:84)
	at net.thucydides.core.steps.ProxyConfiguration$InterceptorDispatcher.intercept(ProxyConfiguration.java:51)
	at pages.UserHomePage$ByteBuddy$HKyudo98.validateHomePage(Unknown Source)
	at stepdefinitions.UserHomeDefinitions.user_is_signed_in(UserHomeDefinitions.java:15)
	at âœ½.User is signed in(file:///C:/Users/Sandeepkumar.Phalke/eclipse-workspace/UNICEF_SerenityBDD_Automation_Framework/src/test/resources/features/unicefWebApplication/createUser.feature:12)
Caused by: org.openqa.selenium.TimeoutException: Expected condition failed: waiting for By.xpath: //span[text()='Export'] to not be enabled (tried for 5 second(s) with 100 milliseconds interval)
	at org.openqa.selenium.support.ui.FluentWait.timeoutException(FluentWait.java:263)
	at org.openqa.selenium.support.ui.FluentWait.until(FluentWait.java:231)
	at net.serenitybdd.core.pages.WebElementFacadeImpl.waitUntilDisabled(WebElementFacadeImpl.java:1143)
	at pages.UserHomePage.validateHomePage(UserHomePage.java:13)
	at pages.UserHomePage$ByteBuddy$HKyudo98.validateHomePage$accessor$VQ3jRwOf(Unknown Source)
	at sun.reflect.NativeMethodAccessorImpl.invoke0(Native Method)
	at sun.reflect.NativeMethodAccessorImpl.invoke(NativeMethodAccessorImpl.java:62)
	at sun.reflect.DelegatingMethodAccessorImpl.invoke(DelegatingMethodAccessorImpl.java:43)
	at java.lang.reflect.Method.invoke(Method.java:498)
	at net.thucydides.core.steps.StepInterceptor.invokeMethod(StepInterceptor.java:503)
	at net.thucydides.core.steps.StepInterceptor.executeTestStepMethod(StepInterceptor.java:483)
	at net.thucydides.core.steps.StepInterceptor.runTestStep(StepInterceptor.java:457)
	at net.thucydides.core.steps.StepInterceptor.runOrSkipMethod(StepInterceptor.java:209)
	at net.thucydides.core.steps.StepInterceptor.testStepResult(StepInterceptor.java:196)
	at net.thucydides.core.steps.StepInterceptor.intercept(StepInterceptor.java:84)
	at net.thucydides.core.steps.ProxyConfiguration$InterceptorDispatcher.intercept(ProxyConfiguration.java:51)
	at pages.UserHomePage$ByteBuddy$HKyudo98.validateHomePage(Unknown Source)
	at stepdefinitions.UserHomeDefinitions.user_is_signed_in(UserHomeDefinitions.java:15)
	at sun.reflect.NativeMethodAccessorImpl.invoke0(Native Method)
	at sun.reflect.NativeMethodAccessorImpl.invoke(NativeMethodAccessorImpl.java:62)
	at sun.reflect.DelegatingMethodAccessorImpl.invoke(DelegatingMethodAccessorImpl.java:43)
	at java.lang.reflect.Method.invoke(Method.java:498)
	at io.cucumber.java.Invoker.doInvoke(Invoker.java:66)
	at io.cucumber.java.Invoker.invoke(Invoker.java:24)
	at io.cucumber.java.AbstractGlueDefinition.invokeMethod(AbstractGlueDefinition.java:47)
	at io.cucumber.java.JavaStepDefinition.execute(JavaStepDefinition.java:29)
	at io.cucumber.core.runner.CoreStepDefinition.execute(CoreStepDefinition.java:66)
	at io.cucumber.core.runner.PickleStepDefinitionMatch.runStep(PickleStepDefinitionMatch.java:63)
	at io.cucumber.core.runner.ExecutionMode$1.execute(ExecutionMode.java:10)
	at io.cucumber.core.runner.TestStep.executeStep(TestStep.java:85)
	at io.cucumber.core.runner.TestStep.run(TestStep.java:57)
	at io.cucumber.core.runner.PickleStepTestStep.run(PickleStepTestStep.java:51)
	at io.cucumber.core.runner.TestCase.run(TestCase.java:84)
	at io.cucumber.core.runner.Runner.runPickle(Runner.java:75)
	at io.cucumber.junit.PickleRunners$NoStepDescriptions.lambda$run$0(PickleRunners.java:151)
	at io.cucumber.core.runtime.CucumberExecutionContext.lambda$runTestCase$5(CucumberExecutionContext.java:129)
	at io.cucumber.core.runtime.RethrowingThrowableCollector.executeAndThrow(RethrowingThrowableCollector.java:23)
	at io.cucumber.core.runtime.CucumberExecutionContext.runTestCase(CucumberExecutionContext.java:129)
	at io.cucumber.junit.PickleRunners$NoStepDescriptions.run(PickleRunners.java:148)
	at io.cucumber.junit.FeatureRunner.runChild(FeatureRunner.java:144)
	at io.cucumber.junit.FeatureRunner.runChild(FeatureRunner.java:28)
	at org.junit.runners.ParentRunner$4.run(ParentRunner.java:331)
	at org.junit.runners.ParentRunner$1.schedule(ParentRunner.java:79)
	at org.junit.runners.ParentRunner.runChildren(ParentRunner.java:329)
	at org.junit.runners.ParentRunner.access$100(ParentRunner.java:66)
	at org.junit.runners.ParentRunner$2.evaluate(ParentRunner.java:293)
	at org.junit.runners.ParentRunner$3.evaluate(ParentRunner.java:306)
	at org.junit.runners.ParentRunner.run(ParentRunner.java:413)
	at io.cucumber.junit.FeatureRunner.run(FeatureRunner.java:137)
	at io.cucumber.junit.CucumberSerenityRunner.runChild(CucumberSerenityRunner.java:259)
	at io.cucumber.junit.CucumberSerenityRunner.runChild(CucumberSerenityRunner.java:59)
	at org.junit.runners.ParentRunner$4.run(ParentRunner.java:331)
	at org.junit.runners.ParentRunner$1.schedule(ParentRunner.java:79)
	at org.junit.runners.ParentRunner.runChildren(ParentRunner.java:329)
	at org.junit.runners.ParentRunner.access$100(ParentRunner.java:66)
	at org.junit.runners.ParentRunner$2.evaluate(ParentRunner.java:293)
	at io.cucumber.junit.CucumberSerenityRunner$RunCucumber.evaluate(CucumberSerenityRunner.java:288)
	at org.junit.runners.ParentRunner$3.evaluate(ParentRunner.java:306)
	at org.junit.runners.ParentRunner.run(ParentRunner.java:413)
	at org.junit.runner.JUnitCore.run(JUnitCore.java:137)
	at org.junit.runner.JUnitCore.run(JUnitCore.java:115)
	at org.junit.vintage.engine.execution.RunnerExecutor.execute(RunnerExecutor.java:42)
	at org.junit.vintage.engine.VintageTestEngine.executeAllChildren(VintageTestEngine.java:80)
	at org.junit.vintage.engine.VintageTestEngine.execute(VintageTestEngine.java:72)
	at org.junit.platform.launcher.core.EngineExecutionOrchestrator.execute(EngineExecutionOrchestrator.java:107)
	at org.junit.platform.launcher.core.EngineExecutionOrchestrator.execute(EngineExecutionOrchestrator.java:88)
	at org.junit.platform.launcher.core.EngineExecutionOrchestrator.lambda$execute$0(EngineExecutionOrchestrator.java:54)
	at org.junit.platform.launcher.core.EngineExecutionOrchestrator.withInterceptedStreams(EngineExecutionOrchestrator.java:67)
	at org.junit.platform.launcher.core.EngineExecutionOrchestrator.execute(EngineExecutionOrchestrator.java:52)
	at org.junit.platform.launcher.core.DefaultLauncher.execute(DefaultLauncher.java:114)
	at org.junit.platform.launcher.core.DefaultLauncher.execute(DefaultLauncher.java:86)
	at org.junit.platform.launcher.core.DefaultLauncherSession$DelegatingLauncher.execute(DefaultLauncherSession.java:86)
	at org.junit.platform.launcher.core.SessionPerRequestLauncher.execute(SessionPerRequestLauncher.java:53)
	at org.apache.maven.surefire.junitplatform.JUnitPlatformProvider.execute(JUnitPlatformProvider.java:188)
	at org.apache.maven.surefire.junitplatform.JUnitPlatformProvider.invokeAllTests(JUnitPlatformProvider.java:154)
	at org.apache.maven.surefire.junitplatform.JUnitPlatformProvider.invoke(JUnitPlatformProvider.java:128)
	at org.apache.maven.surefire.booter.ForkedBooter.runSuitesInProcess(ForkedBooter.java:428)
	at org.apache.maven.surefire.booter.ForkedBooter.execute(ForkedBooter.java:162)
	at org.apache.maven.surefire.booter.ForkedBooter.run(ForkedBooter.java:562)
	at org.apache.maven.surefire.booter.ForkedBooter.main(ForkedBooter.java:548)
Caused by: org.openqa.selenium.NoSuchElementException: no such element: Unable to locate element: {"method":"xpath","selector":"//span[text()='Export']"}
  (Session info: chrome=107.0.5304.122)
For documentation on this error, please visit: https://selenium.dev/exceptions/#no_such_element
Build info: version: '4.6.0', revision: '79f1c02ae20'
System info: os.name: 'Windows 10', os.arch: 'amd64', os.version: '10.0', java.version: '1.8.0_341'
Driver info: org.openqa.selenium.chrome.ChromeDriver
Command: [759af9e4e8a96dff6d53f6c301c90f6f, findElement {using=xpath, value=//span[text()='Export']}]
Capabilities {acceptInsecureCerts: false, browserName: chrome, browserVersion: 107.0.5304.122, chrome: {chromedriverVersion: 107.0.5304.62 (1eec40d3a576..., userDataDir: C:\Users\SANDEE~1.PHA\AppDa...}, goog:chromeOptions: {debuggerAddress: localhost:60120}, networkConnectionEnabled: false, pageLoadStrategy: normal, platformName: WINDOWS, proxy: Proxy(), se:cdp: ws://localhost:60120/devtoo..., se:cdpVersion: 107.0.5304.122, setWindowRect: true, strictFileInteractability: false, timeouts: {implicit: 0, pageLoad: 300000, script: 30000}, unhandledPromptBehavior: dismiss and notify, webauthn:extension:credBlob: true, webauthn:extension:largeBlob: true, webauthn:virtualAuthenticators: true}
Session ID: 759af9e4e8a96dff6d53f6c301c90f6f
	at sun.reflect.NativeConstructorAccessorImpl.newInstance0(Native Method)
	at sun.reflect.NativeConstructorAccessorImpl.newInstance(NativeConstructorAccessorImpl.java:62)
	at sun.reflect.DelegatingConstructorAccessorImpl.newInstance(DelegatingConstructorAccessorImpl.java:45)
	at java.lang.reflect.Constructor.newInstance(Constructor.java:423)
	at org.openqa.selenium.remote.codec.w3c.W3CHttpResponseCodec.createException(W3CHttpResponseCodec.java:200)
	at org.openqa.selenium.remote.codec.w3c.W3CHttpResponseCodec.decode(W3CHttpResponseCodec.java:133)
	at org.openqa.selenium.remote.codec.w3c.W3CHttpResponseCodec.decode(W3CHttpResponseCodec.java:53)
	at org.openqa.selenium.remote.HttpCommandExecutor.execute(HttpCommandExecutor.java:184)
	at org.openqa.selenium.remote.service.DriverCommandExecutor.invokeExecute(DriverCommandExecutor.java:167)
	at org.openqa.selenium.remote.service.DriverCommandExecutor.execute(DriverCommandExecutor.java:142)
	at org.openqa.selenium.remote.RemoteWebDriver.execute(RemoteWebDriver.java:541)
	at org.openqa.selenium.remote.ElementLocation$ElementFinder$2.findElement(ElementLocation.java:162)
	at org.openqa.selenium.remote.ElementLocation.findElement(ElementLocation.java:60)
	at org.openqa.selenium.remote.RemoteWebDriver.findElement(RemoteWebDriver.java:365)
	at org.openqa.selenium.remote.RemoteWebDriver.findElement(RemoteWebDriver.java:357)
	at net.thucydides.core.webdriver.WebDriverFacade.findElement(WebDriverFacade.java:246)
	at net.serenitybdd.core.pages.WebElementResolverByLocator.resolveForDriver(WebElementResolverByLocator.java:25)
	at net.serenitybdd.core.pages.WebElementFacadeImpl.getResolvedElement(WebElementFacadeImpl.java:189)
	at net.serenitybdd.core.pages.WebElementFacadeImpl.getElement(WebElementFacadeImpl.java:184)
	at net.serenitybdd.core.pages.WebElementFacadeImpl.isDisabled(WebElementFacadeImpl.java:1108)
	at net.serenitybdd.core.pages.WebElementExpectations$4.apply(WebElementExpectations.java:85)
	at net.serenitybdd.core.pages.WebElementExpectations$4.apply(WebElementExpectations.java:77)
	at org.openqa.selenium.support.ui.FluentWait.until(FluentWait.java:208)
	... 78 more
&amp#27;[0m
  &amp#27;[36mGiven &amp#27;[0m&amp#27;[36mUser is on User Home Page&amp#27;[0m
  &amp#27;[36mWhen &amp#27;[0m&amp#27;[36mUser click on create new user button&amp#27;[0m
  &amp#27;[36mThen &amp#27;[0m&amp#27;[36mUser navigates to create user page&amp#27;[0m                      &amp#27;[90m# stepdefinitions.CreateUserDefinitions.user_navigates_to_create_user_page()&amp#27;[0m
  &amp#27;[36mAnd &amp#27;[0m&amp#27;[36mUser enter &amp#27;[0m&amp#27;[36m&amp#27;[1m"test"&amp#27;[0m&amp#27;[36m in &amp#27;[0m&amp#27;[36m&amp#27;[1m"First Name"&amp#27;[0m                        &amp#27;[90m# stepdefinitions.CreateUserDefinitions.user_enter_in(java.lang.String,java.lang.String)&amp#27;[0m
  &amp#27;[36mAnd &amp#27;[0m&amp#27;[36mUser enter &amp#27;[0m&amp#27;[36m&amp#27;[1m"automation"&amp#27;[0m&amp#27;[36m in &amp#27;[0m&amp#27;[36m&amp#27;[1m"Last Name"&amp#27;[0m                   &amp#27;[90m# stepdefinitions.CreateUserDefinitions.user_enter_in(java.lang.String,java.lang.String)&amp#27;[0m
  &amp#27;[36mAnd &amp#27;[0m&amp#27;[36mUser enter &amp#27;[0m&amp#27;[36m&amp#27;[1m"testautomation@test.test"&amp#27;[0m&amp#27;[36m in &amp#27;[0m&amp#27;[36m&amp#27;[1m"Email"&amp#27;[0m         &amp#27;[90m# stepdefinitions.CreateUserDefinitions.user_enter_in(java.lang.String,java.lang.String)&amp#27;[0m
  &amp#27;[36mAnd &amp#27;[0m&amp#27;[36mUser select role as &amp#27;[0m&amp#27;[36m&amp#27;[1m"SD Admin"&amp#27;[0m                           &amp#27;[90m# stepdefinitions.CreateUserDefinitions.user_select_role_as(java.lang.String)&amp#27;[0m
  &amp#27;[36mWhen &amp#27;[0m&amp#27;[36mUser click on Submit button&amp#27;[0m                             &amp#27;[90m# stepdefinitions.CreateUserDefinitions.user_click_on_submit_button()&amp#27;[0m
  &amp#27;[36mThen &amp#27;[0m&amp#27;[36mUser is created successfully&amp#27;[0m                            &amp#27;[90m# stepdefinitions.CreateUserDefinitions.user_is_created_successfully()&amp#27;[0m
16:50:50.366 [main] ERROR  - 
  _____   ___   ___   _____     ___     _     ___   _      ___   ___  
 |_   _| | __| / __| |_   _|   | __|   /_\   |_ _| | |    | __| |   \ 
   | |   | _|  \__ \   | |     | _|   / _ \   | |  | |__  | _|  | |) |
   |_|   |___| |___/   |_|     |_|   /_/ \_\ |___| |____| |___| |___/ 

Verify user is able to create new SD Admin role user
-----------------------------------------------------------------------
16:50:50.370 [main] ERROR  -     Test failed at step: Validate home page
16:50:50.370 [main] ERROR  -     Expected disabled element was not disabled
]]></system-out>
    <system-err><![CDATA[Starting ChromeDriver 107.0.5304.62 (1eec40d3a5764881c92085aaee66d25075c159aa-refs/branch-heads/5304@{#942}) on port 6383
Only local connections are allowed.
Please see https://chromedriver.chromium.org/security-considerations for suggestions on keeping ChromeDriver safe.
ChromeDriver was started successfully.
]]></system-err>
  </testcase>
  <testcase name="Change language from English to French" classname="Language change in SMT application" time="7.061">
    <system-out><![CDATA[16:50:51.131 [main] INFO  i.c.core.plugin.SerenityReporter - Running feature from file:///C:/Users/Sandeepkumar.Phalke/eclipse-workspace/UNICEF_SerenityBDD_Automation_Framework/src/test/resources/features/unicefWebApplication/languageChange.feature
16:50:51.142 [main] INFO   - Test Suite Started: Language change in SMT application

Scenario: Change language from English to French   &amp#27;[90m# src/test/resources/features/unicefWebApplication/languageChange.feature:8&amp#27;[0m
16:50:51.150 [main] INFO  i.c.core.plugin.SerenityReporter - Running feature from file:///C:/Users/Sandeepkumar.Phalke/eclipse-workspace/UNICEF_SerenityBDD_Automation_Framework/src/test/resources/features/unicefWebApplication/languageChange.feature
16:50:51.153 [main] INFO   - 
  _____   ___   ___   _____     ___   _____     _     ___   _____   ___   ___  
 |_   _| | __| / __| |_   _|   / __| |_   _|   /_\   | _ \ |_   _| | __| |   \ 
   | |   | _|  \__ \   | |     \__ \   | |    / _ \  |   /   | |   | _|  | |) |
   |_|   |___| |___/   |_|     |___/   |_|   /_/ \_\ |_|_\   |_|   |___| |___/ 

Change language from English to French(language-change-in-smt-application;change-language-from-english-to-french)
--------------------------------------------------------------------------------
16:50:51.385 [main] INFO  n.s.c.w.d.ChromeDriverProvider - Starting Chrome driver instance with capabilities:
16:50:51.386 [main] INFO  n.s.c.w.d.ChromeDriverProvider - Capabilities {acceptInsecureCerts: false, browserName: chrome, goog:chromeOptions: {args: [test-type, no-sandbox, ignore-certificate-errors, --window-size=1000,800, incognito, disable-infobars, disable-gpu, disable-default-apps, disable-popup-blocking], extensions: []}}
  &amp#27;[32mGiven &amp#27;[0m&amp#27;[32mUser is on home page&amp#27;[0m                       &amp#27;[90m# stepdefinitions.CommonDefinitions.user_is_on_home_page()&amp#27;[0m
  &amp#27;[32mThen &amp#27;[0m&amp#27;[32mUser is getting correct title of home page&amp#27;[0m  &amp#27;[90m# stepdefinitions.SignInDefinitions.user_is_getting_correct_title_of_home_page()&amp#27;[0m
  &amp#27;[32mWhen &amp#27;[0m&amp#27;[32mUser select &amp#27;[0m&amp#27;[32m&amp#27;[1m"French"&amp#27;[0m&amp#27;[32m from language dropdown&amp#27;[0m &amp#27;[90m# stepdefinitions.HomeDefinitions.user_select_from_language_dropdown(java.lang.String)&amp#27;[0m
  &amp#27;[32mThen &amp#27;[0m&amp#27;[32m&amp#27;[0m&amp#27;[32m&amp#27;[1m"Accueilly"&amp#27;[0m&amp#27;[32m is displayed on the home page&amp#27;[0m   &amp#27;[90m# stepdefinitions.HomeDefinitions.is_displayed_on_the_home_page(java.lang.String)&amp#27;[0m
16:50:57.508 [main] INFO   - 
  _____   ___   ___   _____     ___     _     ___   ___   ___   ___  
 |_   _| | __| / __| |_   _|   | _ \   /_\   / __| / __| | __| |   \ 
   | |   | _|  \__ \   | |     |  _/  / _ \  \__ \ \__ \ | _|  | |) |
   |_|   |___| |___/   |_|     |_|   /_/ \_\ |___/ |___/ |___| |___/ 

Change language from English to French
----------------------------------------------------------------------
]]></system-out>
    <system-err><![CDATA[Starting ChromeDriver 107.0.5304.62 (1eec40d3a5764881c92085aaee66d25075c159aa-refs/branch-heads/5304@{#942}) on port 37155
Only local connections are allowed.
Please see https://chromedriver.chromium.org/security-considerations for suggestions on keeping ChromeDriver safe.
ChromeDriver was started successfully.
]]></system-err>
  </testcase>
  <testcase name="Change language from French to French" classname="Language change in SMT application" time="6.548">
    <system-out><![CDATA[
Scenario: Change language from French to French    &amp#27;[90m# src/test/resources/features/unicefWebApplication/languageChange.feature:12&amp#27;[0m
16:50:58.222 [main] INFO  i.c.core.plugin.SerenityReporter - Running feature from file:///C:/Users/Sandeepkumar.Phalke/eclipse-workspace/UNICEF_SerenityBDD_Automation_Framework/src/test/resources/features/unicefWebApplication/languageChange.feature
16:50:58.224 [main] INFO   - 
  _____   ___   ___   _____     ___   _____     _     ___   _____   ___   ___  
 |_   _| | __| / __| |_   _|   / __| |_   _|   /_\   | _ \ |_   _| | __| |   \ 
   | |   | _|  \__ \   | |     \__ \   | |    / _ \  |   /   | |   | _|  | |) |
   |_|   |___| |___/   |_|     |___/   |_|   /_/ \_\ |_|_\   |_|   |___| |___/ 

Change language from French to French(language-change-in-smt-application;change-language-from-french-to-french)
--------------------------------------------------------------------------------
16:50:58.376 [main] INFO  n.s.c.w.d.ChromeDriverProvider - Starting Chrome driver instance with capabilities:
16:50:58.377 [main] INFO  n.s.c.w.d.ChromeDriverProvider - Capabilities {acceptInsecureCerts: false, browserName: chrome, goog:chromeOptions: {args: [test-type, no-sandbox, ignore-certificate-errors, --window-size=1000,800, incognito, disable-infobars, disable-gpu, disable-default-apps, disable-popup-blocking], extensions: []}}
  &amp#27;[32mGiven &amp#27;[0m&amp#27;[32mUser is on home page&amp#27;[0m                       &amp#27;[90m# stepdefinitions.CommonDefinitions.user_is_on_home_page()&amp#27;[0m
  &amp#27;[32mThen &amp#27;[0m&amp#27;[32mUser is getting correct title of home page&amp#27;[0m  &amp#27;[90m# stepdefinitions.SignInDefinitions.user_is_getting_correct_title_of_home_page()&amp#27;[0m
  &amp#27;[32mWhen &amp#27;[0m&amp#27;[32mUser select &amp#27;[0m&amp#27;[32m&amp#27;[1m"French"&amp#27;[0m&amp#27;[32m from language dropdown&amp#27;[0m &amp#27;[90m# stepdefinitions.HomeDefinitions.user_select_from_language_dropdown(java.lang.String)&amp#27;[0m
  &amp#27;[32mThen &amp#27;[0m&amp#27;[32m&amp#27;[0m&amp#27;[32m&amp#27;[1m"Accueil"&amp#27;[0m&amp#27;[32m is displayed on the home page&amp#27;[0m     &amp#27;[90m# stepdefinitions.HomeDefinitions.is_displayed_on_the_home_page(java.lang.String)&amp#27;[0m
  &amp#27;[32mWhen &amp#27;[0m&amp#27;[32mUser select &amp#27;[0m&amp#27;[32m&amp#27;[1m"French"&amp#27;[0m&amp#27;[32m from language dropdown&amp#27;[0m &amp#27;[90m# stepdefinitions.HomeDefinitions.user_select_from_language_dropdown(java.lang.String)&amp#27;[0m
  &amp#27;[32mThen &amp#27;[0m&amp#27;[32m&amp#27;[0m&amp#27;[32m&amp#27;[1m"Accueil"&amp#27;[0m&amp#27;[32m is displayed on the home page&amp#27;[0m     &amp#27;[90m# stepdefinitions.HomeDefinitions.is_displayed_on_the_home_page(java.lang.String)&amp#27;[0m
16:51:04.104 [main] INFO   - 
  _____   ___   ___   _____     ___     _     ___   ___   ___   ___  
 |_   _| | __| / __| |_   _|   | _ \   /_\   / __| / __| | __| |   \ 
   | |   | _|  \__ \   | |     |  _/  / _ \  \__ \ \__ \ | _|  | |) |
   |_|   |___| |___/   |_|     |_|   /_/ \_\ |___/ |___/ |___| |___/ 

Change language from French to French
----------------------------------------------------------------------
]]></system-out>
    <system-err><![CDATA[Starting ChromeDriver 107.0.5304.62 (1eec40d3a5764881c92085aaee66d25075c159aa-refs/branch-heads/5304@{#942}) on port 35531
Only local connections are allowed.
Please see https://chromedriver.chromium.org/security-considerations for suggestions on keeping ChromeDriver safe.
ChromeDriver was started successfully.
]]></system-err>
  </testcase>
  <testcase name="Change language from French to English" classname="Language change in SMT application" time="6.799">
    <system-out><![CDATA[
Scenario: Change language from French to English    &amp#27;[90m# src/test/resources/features/unicefWebApplication/languageChange.feature:18&amp#27;[0m
16:51:04.774 [main] INFO  i.c.core.plugin.SerenityReporter - Running feature from file:///C:/Users/Sandeepkumar.Phalke/eclipse-workspace/UNICEF_SerenityBDD_Automation_Framework/src/test/resources/features/unicefWebApplication/languageChange.feature
16:51:04.776 [main] INFO   - 
  _____   ___   ___   _____     ___   _____     _     ___   _____   ___   ___  
 |_   _| | __| / __| |_   _|   / __| |_   _|   /_\   | _ \ |_   _| | __| |   \ 
   | |   | _|  \__ \   | |     \__ \   | |    / _ \  |   /   | |   | _|  | |) |
   |_|   |___| |___/   |_|     |___/   |_|   /_/ \_\ |_|_\   |_|   |___| |___/ 

Change language from French to English(language-change-in-smt-application;change-language-from-french-to-english)
--------------------------------------------------------------------------------
16:51:04.943 [main] INFO  n.s.c.w.d.ChromeDriverProvider - Starting Chrome driver instance with capabilities:
16:51:04.943 [main] INFO  n.s.c.w.d.ChromeDriverProvider - Capabilities {acceptInsecureCerts: false, browserName: chrome, goog:chromeOptions: {args: [test-type, no-sandbox, ignore-certificate-errors, --window-size=1000,800, incognito, disable-infobars, disable-gpu, disable-default-apps, disable-popup-blocking], extensions: []}}
  &amp#27;[32mGiven &amp#27;[0m&amp#27;[32mUser is on home page&amp#27;[0m                        &amp#27;[90m# stepdefinitions.CommonDefinitions.user_is_on_home_page()&amp#27;[0m
  &amp#27;[32mThen &amp#27;[0m&amp#27;[32mUser is getting correct title of home page&amp#27;[0m   &amp#27;[90m# stepdefinitions.SignInDefinitions.user_is_getting_correct_title_of_home_page()&amp#27;[0m
  &amp#27;[32mWhen &amp#27;[0m&amp#27;[32mUser select &amp#27;[0m&amp#27;[32m&amp#27;[1m"French"&amp#27;[0m&amp#27;[32m from language dropdown&amp#27;[0m  &amp#27;[90m# stepdefinitions.HomeDefinitions.user_select_from_language_dropdown(java.lang.String)&amp#27;[0m
  &amp#27;[32mThen &amp#27;[0m&amp#27;[32m&amp#27;[0m&amp#27;[32m&amp#27;[1m"Accueil"&amp#27;[0m&amp#27;[32m is displayed on the home page&amp#27;[0m      &amp#27;[90m# stepdefinitions.HomeDefinitions.is_displayed_on_the_home_page(java.lang.String)&amp#27;[0m
  &amp#27;[32mWhen &amp#27;[0m&amp#27;[32mUser select &amp#27;[0m&amp#27;[32m&amp#27;[1m"English"&amp#27;[0m&amp#27;[32m from language dropdown&amp#27;[0m &amp#27;[90m# stepdefinitions.HomeDefinitions.user_select_from_language_dropdown(java.lang.String)&amp#27;[0m
  &amp#27;[32mThen &amp#27;[0m&amp#27;[32m&amp#27;[0m&amp#27;[32m&amp#27;[1m"Home"&amp#27;[0m&amp#27;[32m is displayed on the home page&amp#27;[0m         &amp#27;[90m# stepdefinitions.HomeDefinitions.is_displayed_on_the_home_page(java.lang.String)&amp#27;[0m
16:51:10.888 [main] INFO   - 
  _____   ___   ___   _____     ___     _     ___   ___   ___   ___  
 |_   _| | __| / __| |_   _|   | _ \   /_\   / __| / __| | __| |   \ 
   | |   | _|  \__ \   | |     |  _/  / _ \  \__ \ \__ \ | _|  | |) |
   |_|   |___| |___/   |_|     |_|   /_/ \_\ |___/ |___/ |___| |___/ 

Change language from French to English
----------------------------------------------------------------------
]]></system-out>
    <system-err><![CDATA[Starting ChromeDriver 107.0.5304.62 (1eec40d3a5764881c92085aaee66d25075c159aa-refs/branch-heads/5304@{#942}) on port 21888
Only local connections are allowed.
Please see https://chromedriver.chromium.org/security-considerations for suggestions on keeping ChromeDriver safe.
ChromeDriver was started successfully.
]]></system-err>
  </testcase>
  <testcase name="Change language from English to French and verify sign in Page in french" classname="Language change in SMT application" time="7.336">
    <system-out><![CDATA[
Scenario: Change language from English to French and verify sign in Page in french &amp#27;[90m# src/test/resources/features/unicefWebApplication/languageChange.feature:24&amp#27;[0m
16:51:11.575 [main] INFO  i.c.core.plugin.SerenityReporter - Running feature from file:///C:/Users/Sandeepkumar.Phalke/eclipse-workspace/UNICEF_SerenityBDD_Automation_Framework/src/test/resources/features/unicefWebApplication/languageChange.feature
16:51:11.577 [main] INFO   - 
  _____   ___   ___   _____     ___   _____     _     ___   _____   ___   ___  
 |_   _| | __| / __| |_   _|   / __| |_   _|   /_\   | _ \ |_   _| | __| |   \ 
   | |   | _|  \__ \   | |     \__ \   | |    / _ \  |   /   | |   | _|  | |) |
   |_|   |___| |___/   |_|     |___/   |_|   /_/ \_\ |_|_\   |_|   |___| |___/ 

Change language from English to French and verify sign in Page in french(language-change-in-smt-application;change-language-from-english-to-french-and-verify-sign-in-page-in-french)
--------------------------------------------------------------------------------
16:51:11.723 [main] INFO  n.s.c.w.d.ChromeDriverProvider - Starting Chrome driver instance with capabilities:
16:51:11.723 [main] INFO  n.s.c.w.d.ChromeDriverProvider - Capabilities {acceptInsecureCerts: false, browserName: chrome, goog:chromeOptions: {args: [test-type, no-sandbox, ignore-certificate-errors, --window-size=1000,800, incognito, disable-infobars, disable-gpu, disable-default-apps, disable-popup-blocking], extensions: []}}
  &amp#27;[32mGiven &amp#27;[0m&amp#27;[32mUser is on home page&amp#27;[0m                                                       &amp#27;[90m# stepdefinitions.CommonDefinitions.user_is_on_home_page()&amp#27;[0m
  &amp#27;[32mThen &amp#27;[0m&amp#27;[32mUser is getting correct title of home page&amp#27;[0m                                  &amp#27;[90m# stepdefinitions.SignInDefinitions.user_is_getting_correct_title_of_home_page()&amp#27;[0m
  &amp#27;[32mWhen &amp#27;[0m&amp#27;[32mUser select &amp#27;[0m&amp#27;[32m&amp#27;[1m"French"&amp#27;[0m&amp#27;[32m from language dropdown&amp#27;[0m                                 &amp#27;[90m# stepdefinitions.HomeDefinitions.user_select_from_language_dropdown(java.lang.String)&amp#27;[0m
  &amp#27;[32mThen &amp#27;[0m&amp#27;[32m&amp#27;[0m&amp#27;[32m&amp#27;[1m"Accueil"&amp#27;[0m&amp#27;[32m is displayed on the home page&amp#27;[0m                                     &amp#27;[90m# stepdefinitions.HomeDefinitions.is_displayed_on_the_home_page(java.lang.String)&amp#27;[0m
  &amp#27;[32mAnd &amp#27;[0m&amp#27;[32mUser click on login button&amp#27;[0m                                                   &amp#27;[90m# stepdefinitions.HomeDefinitions.user_click_on_login_button()&amp#27;[0m
  &amp#27;[32mWhen &amp#27;[0m&amp#27;[32mUser click on Proceed To Login button in &amp#27;[0m&amp#27;[32m&amp#27;[1m"French"&amp#27;[0m                           &amp#27;[90m# stepdefinitions.HomeDefinitions.user_click_on_proceed_to_login_button_in(java.lang.String)&amp#27;[0m
  &amp#27;[32mThen &amp#27;[0m&amp#27;[32m&amp#27;[0m&amp#27;[32m&amp#27;[1m"Sign in"&amp#27;[0m&amp#27;[32m button is displayed&amp#27;[0m                                               &amp#27;[90m# stepdefinitions.SignInDefinitions.button_is_displayed(java.lang.String)&amp#27;[0m
16:51:18.232 [main] INFO   - 
  _____   ___   ___   _____     ___     _     ___   ___   ___   ___  
 |_   _| | __| / __| |_   _|   | _ \   /_\   / __| / __| | __| |   \ 
   | |   | _|  \__ \   | |     |  _/  / _ \  \__ \ \__ \ | _|  | |) |
   |_|   |___| |___/   |_|     |_|   /_/ \_\ |___/ |___/ |___| |___/ 

Change language from English to French and verify sign in Page in french
----------------------------------------------------------------------
]]></system-out>
    <system-err><![CDATA[Starting ChromeDriver 107.0.5304.62 (1eec40d3a5764881c92085aaee66d25075c159aa-refs/branch-heads/5304@{#942}) on port 42017
Only local connections are allowed.
Please see https://chromedriver.chromium.org/security-considerations for suggestions on keeping ChromeDriver safe.
ChromeDriver was started successfully.
]]></system-err>
  </testcase>
  <testcase name="Login to the application with valid credentials" classname="Login to SMT application" time="6.814">
    <error type="io.cucumber.junit.UndefinedStepException"><![CDATA[io.cucumber.junit.UndefinedStepException: 
The step 'User is on sign in page' is undefined.
You can implement this step using the snippet(s) below:

@Given("User is on sign in page")
public void user_is_on_sign_in_page() {
    // Write code here that turns the phrase above into concrete actions
    throw new io.cucumber.java.PendingException();
}

]]></error>
    <system-out><![CDATA[16:51:18.900 [main] INFO  i.c.core.plugin.SerenityReporter - Running feature from file:///C:/Users/Sandeepkumar.Phalke/eclipse-workspace/UNICEF_SerenityBDD_Automation_Framework/src/test/resources/features/unicefWebApplication/login.feature
16:51:18.909 [main] INFO   - Test Suite Started: Login to SMT application

Scenario: Login to the application with valid credentials &amp#27;[90m# src/test/resources/features/unicefWebApplication/login.feature:10&amp#27;[0m
16:51:18.916 [main] INFO  i.c.core.plugin.SerenityReporter - Running feature from file:///C:/Users/Sandeepkumar.Phalke/eclipse-workspace/UNICEF_SerenityBDD_Automation_Framework/src/test/resources/features/unicefWebApplication/login.feature
16:51:18.918 [main] INFO   - 
  _____   ___   ___   _____     ___   _____     _     ___   _____   ___   ___  
 |_   _| | __| / __| |_   _|   / __| |_   _|   /_\   | _ \ |_   _| | __| |   \ 
   | |   | _|  \__ \   | |     \__ \   | |    / _ \  |   /   | |   | _|  | |) |
   |_|   |___| |___/   |_|     |___/   |_|   /_/ \_\ |_|_\   |_|   |___| |___/ 

Login to the application with valid credentials(login-to-smt-application;login-to-the-application-with-valid-credentials)
--------------------------------------------------------------------------------
16:51:19.052 [main] INFO  n.s.c.w.d.ChromeDriverProvider - Starting Chrome driver instance with capabilities:
16:51:19.052 [main] INFO  n.s.c.w.d.ChromeDriverProvider - Capabilities {acceptInsecureCerts: false, browserName: chrome, goog:chromeOptions: {args: [test-type, no-sandbox, ignore-certificate-errors, --window-size=1000,800, incognito, disable-infobars, disable-gpu, disable-default-apps, disable-popup-blocking], extensions: []}}
  &amp#27;[32mGiven &amp#27;[0m&amp#27;[32mUser is on home page&amp#27;[0m                              &amp#27;[90m# stepdefinitions.CommonDefinitions.user_is_on_home_page()&amp#27;[0m
  &amp#27;[32mThen &amp#27;[0m&amp#27;[32mUser is getting correct title of home page&amp#27;[0m         &amp#27;[90m# stepdefinitions.SignInDefinitions.user_is_getting_correct_title_of_home_page()&amp#27;[0m
  &amp#27;[32mAnd &amp#27;[0m&amp#27;[32mUser click on login button&amp#27;[0m                          &amp#27;[90m# stepdefinitions.HomeDefinitions.user_click_on_login_button()&amp#27;[0m
  &amp#27;[32mAnd &amp#27;[0m&amp#27;[32mUser click on Proceed To Login button in &amp#27;[0m&amp#27;[32m&amp#27;[1m"English"&amp#27;[0m  &amp#27;[90m# stepdefinitions.HomeDefinitions.user_click_on_proceed_to_login_button_in(java.lang.String)&amp#27;[0m
  &amp#27;[33mGiven &amp#27;[0m&amp#27;[33mUser is on sign in page&amp#27;[0m
  &amp#27;[36mAnd &amp#27;[0m&amp#27;[36mUser enter email&amp#27;[0m                                    &amp#27;[90m# stepdefinitions.SignInDefinitions.user_enter_email()&amp#27;[0m
  &amp#27;[36mAnd &amp#27;[0m&amp#27;[36mUser enter password&amp#27;[0m                                 &amp#27;[90m# stepdefinitions.SignInDefinitions.user_enter_password()&amp#27;[0m
  &amp#27;[36mWhen &amp#27;[0m&amp#27;[36mUser click on sign in button&amp#27;[0m                       &amp#27;[90m# stepdefinitions.SignInDefinitions.user_click_on_sign_in_button()&amp#27;[0m
  &amp#27;[36mThen &amp#27;[0m&amp#27;[36mUser is signed in&amp#27;[0m                                  &amp#27;[90m# stepdefinitions.UserHomeDefinitions.user_is_signed_in()&amp#27;[0m
16:51:25.057 [main] INFO   - 
  _____   ___   ___   _____     ___   ___   _  _   ___    ___   _  _    ___ 
 |_   _| | __| / __| |_   _|   | _ \ | __| | \| | |   \  |_ _| | \| |  / __|
   | |   | _|  \__ \   | |     |  _/ | _|  | .` | | |) |  | |  | .` | | (_ |
   |_|   |___| |___/   |_|     |_|   |___| |_|\_| |___/  |___| |_|\_|  \___|

Login to the application with valid credentials
-----------------------------------------------------------------------------
]]></system-out>
    <system-err><![CDATA[Starting ChromeDriver 107.0.5304.62 (1eec40d3a5764881c92085aaee66d25075c159aa-refs/branch-heads/5304@{#942}) on port 35260
Only local connections are allowed.
Please see https://chromedriver.chromium.org/security-considerations for suggestions on keeping ChromeDriver safe.
ChromeDriver was started successfully.
]]></system-err>
  </testcase>
  <testcase name="Login to the application with invalid credentials" classname="Login to SMT application" time="7.118">
    <error type="io.cucumber.junit.UndefinedStepException"><![CDATA[io.cucumber.junit.UndefinedStepException: 
The step 'User is on sign in page' is undefined.
You can implement this step using the snippet(s) below:

@Given("User is on sign in page")
public void user_is_on_sign_in_page() {
    // Write code here that turns the phrase above into concrete actions
    throw new io.cucumber.java.PendingException();
}

]]></error>
    <system-out><![CDATA[
Scenario: Login to the application with invalid credentials &amp#27;[90m# src/test/resources/features/unicefWebApplication/login.feature:17&amp#27;[0m
16:51:25.734 [main] INFO  i.c.core.plugin.SerenityReporter - Running feature from file:///C:/Users/Sandeepkumar.Phalke/eclipse-workspace/UNICEF_SerenityBDD_Automation_Framework/src/test/resources/features/unicefWebApplication/login.feature
16:51:25.735 [main] INFO   - 
  _____   ___   ___   _____     ___   _____     _     ___   _____   ___   ___  
 |_   _| | __| / __| |_   _|   / __| |_   _|   /_\   | _ \ |_   _| | __| |   \ 
   | |   | _|  \__ \   | |     \__ \   | |    / _ \  |   /   | |   | _|  | |) |
   |_|   |___| |___/   |_|     |___/   |_|   /_/ \_\ |_|_\   |_|   |___| |___/ 

Login to the application with invalid credentials(login-to-smt-application;login-to-the-application-with-invalid-credentials)
--------------------------------------------------------------------------------
16:51:25.869 [main] INFO  n.s.c.w.d.ChromeDriverProvider - Starting Chrome driver instance with capabilities:
16:51:25.869 [main] INFO  n.s.c.w.d.ChromeDriverProvider - Capabilities {acceptInsecureCerts: false, browserName: chrome, goog:chromeOptions: {args: [test-type, no-sandbox, ignore-certificate-errors, --window-size=1000,800, incognito, disable-infobars, disable-gpu, disable-default-apps, disable-popup-blocking], extensions: []}}
  &amp#27;[32mGiven &amp#27;[0m&amp#27;[32mUser is on home page&amp#27;[0m                                &amp#27;[90m# stepdefinitions.CommonDefinitions.user_is_on_home_page()&amp#27;[0m
  &amp#27;[32mThen &amp#27;[0m&amp#27;[32mUser is getting correct title of home page&amp#27;[0m           &amp#27;[90m# stepdefinitions.SignInDefinitions.user_is_getting_correct_title_of_home_page()&amp#27;[0m
  &amp#27;[32mAnd &amp#27;[0m&amp#27;[32mUser click on login button&amp#27;[0m                            &amp#27;[90m# stepdefinitions.HomeDefinitions.user_click_on_login_button()&amp#27;[0m
  &amp#27;[32mAnd &amp#27;[0m&amp#27;[32mUser click on Proceed To Login button in &amp#27;[0m&amp#27;[32m&amp#27;[1m"English"&amp#27;[0m    &amp#27;[90m# stepdefinitions.HomeDefinitions.user_click_on_proceed_to_login_button_in(java.lang.String)&amp#27;[0m
  &amp#27;[33mGiven &amp#27;[0m&amp#27;[33mUser is on sign in page&amp#27;[0m
  &amp#27;[36mAnd &amp#27;[0m&amp#27;[36mUser enter &amp#27;[0m&amp#27;[36m&amp#27;[1m"sandeep@e-zest.in"&amp#27;[0m&amp#27;[36m email&amp#27;[0m                  &amp#27;[90m# stepdefinitions.SignInDefinitions.user_enter_email(java.lang.String)&amp#27;[0m
  &amp#27;[36mAnd &amp#27;[0m&amp#27;[36mUser enter &amp#27;[0m&amp#27;[36m&amp#27;[1m"Test@123"&amp#27;[0m&amp#27;[36m password&amp#27;[0m                        &amp#27;[90m# stepdefinitions.SignInDefinitions.user_enter_password(java.lang.String)&amp#27;[0m
  &amp#27;[36mWhen &amp#27;[0m&amp#27;[36mUser click on sign in button&amp#27;[0m                         &amp#27;[90m# stepdefinitions.SignInDefinitions.user_click_on_sign_in_button()&amp#27;[0m
  &amp#27;[36mThen &amp#27;[0m&amp#27;[36mUser is signed in&amp#27;[0m                                    &amp#27;[90m# stepdefinitions.UserHomeDefinitions.user_is_signed_in()&amp#27;[0m
16:51:32.180 [main] INFO   - 
  _____   ___   ___   _____     ___   ___   _  _   ___    ___   _  _    ___ 
 |_   _| | __| / __| |_   _|   | _ \ | __| | \| | |   \  |_ _| | \| |  / __|
   | |   | _|  \__ \   | |     |  _/ | _|  | .` | | |) |  | |  | .` | | (_ |
   |_|   |___| |___/   |_|     |_|   |___| |_|\_| |___/  |___| |_|\_|  \___|

Login to the application with invalid credentials
-----------------------------------------------------------------------------
]]></system-out>
    <system-err><![CDATA[Starting ChromeDriver 107.0.5304.62 (1eec40d3a5764881c92085aaee66d25075c159aa-refs/branch-heads/5304@{#942}) on port 4745
Only local connections are allowed.
Please see https://chromedriver.chromium.org/security-considerations for suggestions on keeping ChromeDriver safe.
ChromeDriver was started successfully.
]]></system-err>
  </testcase>
</testsuite>